{"C:\\Users\\ariel\\Documents\\GitHub\\Pokedex\\src\\components\\PokemonCard\\PokemonCard.tsx": {"path":"C:\\Users\\ariel\\Documents\\GitHub\\Pokedex\\src\\components\\PokemonCard\\PokemonCard.tsx","statementMap":{"0":{"start":{"line":3,"column":6},"end":{"line":38,"column":null}},"1":{"start":{"line":4,"column":38},"end":{"line":4,"column":71}},"2":{"start":{"line":5,"column":2},"end":{"line":38,"column":null}},"3":{"start":{"line":8,"column":44},"end":{"line":8,"column":63}},"4":{"start":{"line":26,"column":25},"end":{"line":26,"column":null}},"5":{"start":{"line":27,"column":12},"end":{"line":33,"column":null}}},"fnMap":{"0":{"name":"(anonymous_0)","decl":{"start":{"line":3,"column":6},"end":{"line":3,"column":21}},"loc":{"start":{"line":3,"column":49},"end":{"line":38,"column":null}},"line":3},"1":{"name":"(anonymous_1)","decl":{"start":{"line":8,"column":28},"end":{"line":8,"column":44}},"loc":{"start":{"line":8,"column":44},"end":{"line":8,"column":63}},"line":8},"2":{"name":"(anonymous_2)","decl":{"start":{"line":25,"column":25},"end":{"line":25,"column":30}},"loc":{"start":{"line":25,"column":43},"end":{"line":33,"column":null}},"line":25}},"branchMap":{"0":{"loc":{"start":{"line":8,"column":15},"end":{"line":8,"column":null}},"type":"cond-expr","locations":[{"start":{"line":8,"column":28},"end":{"line":8,"column":63}},{"start":{"line":8,"column":66},"end":{"line":8,"column":null}}],"line":8},"1":{"loc":{"start":{"line":8,"column":15},"end":{"line":8,"column":44}},"type":"binary-expr","locations":[{"start":{"line":8,"column":15},"end":{"line":8,"column":28}},{"start":{"line":8,"column":28},"end":{"line":8,"column":44}}],"line":8},"2":{"loc":{"start":{"line":9,"column":112},"end":{"line":9,"column":null}},"type":"cond-expr","locations":[{"start":{"line":9,"column":123},"end":{"line":9,"column":157}},{"start":{"line":9,"column":157},"end":{"line":9,"column":null}}],"line":9}},"s":{"0":1,"1":10,"2":10,"3":1,"4":19,"5":19},"f":{"0":10,"1":1,"2":19},"b":{"0":[1,9],"1":[10,8],"2":[2,8]},"meta":{"lastBranch":3,"lastFunction":3,"lastStatement":6,"seen":{"s:3:6:38:Infinity":0,"f:3:6:3:21":0,"s:4:38:4:71":1,"s:5:2:38:Infinity":2,"b:8:28:8:63:8:66:8:Infinity":0,"b:8:15:8:28:8:28:8:44":1,"f:8:28:8:44":1,"s:8:44:8:63":3,"b:9:123:9:157:9:157:9:Infinity":2,"f:25:25:25:30":2,"s:26:25:26:Infinity":4,"s:27:12:33:Infinity":5}}}
,"C:\\Users\\ariel\\Documents\\GitHub\\Pokedex\\src\\components\\PokemonCard\\usePokemonCard.tsx": {"path":"C:\\Users\\ariel\\Documents\\GitHub\\Pokedex\\src\\components\\PokemonCard\\usePokemonCard.tsx","statementMap":{"0":{"start":{"line":10,"column":6},"end":{"line":19,"column":null}},"1":{"start":{"line":11,"column":41},"end":{"line":11,"column":null}},"2":{"start":{"line":12,"column":18},"end":{"line":12,"column":null}},"3":{"start":{"line":14,"column":2},"end":{"line":19,"column":null}}},"fnMap":{"0":{"name":"(anonymous_0)","decl":{"start":{"line":10,"column":6},"end":{"line":10,"column":24}},"loc":{"start":{"line":10,"column":52},"end":{"line":19,"column":null}},"line":10}},"branchMap":{},"s":{"0":1,"1":10,"2":10,"3":10},"f":{"0":10},"b":{},"meta":{"lastBranch":0,"lastFunction":1,"lastStatement":4,"seen":{"s:10:6:19:Infinity":0,"f:10:6:10:24":0,"s:11:41:11:Infinity":1,"s:12:18:12:Infinity":2,"s:14:2:19:Infinity":3}}}
,"C:\\Users\\ariel\\Documents\\GitHub\\Pokedex\\src\\components\\PokemonSearch\\PokemonSearch.tsx": {"path":"C:\\Users\\ariel\\Documents\\GitHub\\Pokedex\\src\\components\\PokemonSearch\\PokemonSearch.tsx","statementMap":{"0":{"start":{"line":3,"column":6},"end":{"line":15,"column":null}},"1":{"start":{"line":4,"column":30},"end":{"line":4,"column":66}},"2":{"start":{"line":6,"column":2},"end":{"line":15,"column":null}}},"fnMap":{"0":{"name":"(anonymous_0)","decl":{"start":{"line":3,"column":6},"end":{"line":3,"column":23}},"loc":{"start":{"line":3,"column":53},"end":{"line":15,"column":null}},"line":3}},"branchMap":{},"s":{"0":2,"1":30,"2":30},"f":{"0":30},"b":{},"meta":{"lastBranch":0,"lastFunction":1,"lastStatement":3,"seen":{"s:3:6:15:Infinity":0,"f:3:6:3:23":0,"s:4:30:4:66":1,"s:6:2:15:Infinity":2}}}
,"C:\\Users\\ariel\\Documents\\GitHub\\Pokedex\\src\\components\\PokemonSearch\\usePokemonSearch.tsx": {"path":"C:\\Users\\ariel\\Documents\\GitHub\\Pokedex\\src\\components\\PokemonSearch\\usePokemonSearch.tsx","statementMap":{"0":{"start":{"line":7,"column":6},"end":{"line":13,"column":null}},"1":{"start":{"line":8,"column":43},"end":{"line":8,"column":null}},"2":{"start":{"line":9,"column":2},"end":{"line":13,"column":null}}},"fnMap":{"0":{"name":"(anonymous_0)","decl":{"start":{"line":7,"column":6},"end":{"line":7,"column":26}},"loc":{"start":{"line":7,"column":56},"end":{"line":13,"column":null}},"line":7}},"branchMap":{},"s":{"0":2,"1":30,"2":30},"f":{"0":30},"b":{},"meta":{"lastBranch":0,"lastFunction":1,"lastStatement":3,"seen":{"s:7:6:13:Infinity":0,"f:7:6:7:26":0,"s:8:43:8:Infinity":1,"s:9:2:13:Infinity":2}}}
,"C:\\Users\\ariel\\Documents\\GitHub\\Pokedex\\src\\constants\\pokemonTypes.ts": {"path":"C:\\Users\\ariel\\Documents\\GitHub\\Pokedex\\src\\constants\\pokemonTypes.ts","statementMap":{"0":{"start":{"line":1,"column":49},"end":{"line":18,"column":null}}},"fnMap":{},"branchMap":{},"s":{"0":2},"f":{},"b":{},"meta":{"lastBranch":0,"lastFunction":0,"lastStatement":1,"seen":{"s:1:49:18:Infinity":0}}}
,"C:\\Users\\ariel\\Documents\\GitHub\\Pokedex\\src\\defaultProps\\label.ts": {"path":"C:\\Users\\ariel\\Documents\\GitHub\\Pokedex\\src\\defaultProps\\label.ts","statementMap":{"0":{"start":{"line":1,"column":22},"end":{"line":31,"column":null}}},"fnMap":{},"branchMap":{},"s":{"0":2},"f":{},"b":{},"meta":{"lastBranch":0,"lastFunction":0,"lastStatement":1,"seen":{"s:1:22:31:Infinity":0}}}
,"C:\\Users\\ariel\\Documents\\GitHub\\Pokedex\\src\\pages\\PokemonDetails\\PokemonDetails.tsx": {"path":"C:\\Users\\ariel\\Documents\\GitHub\\Pokedex\\src\\pages\\PokemonDetails\\PokemonDetails.tsx","statementMap":{"0":{"start":{"line":8,"column":6},"end":{"line":214,"column":null}},"1":{"start":{"line":17,"column":4},"end":{"line":18,"column":55}},"2":{"start":{"line":20,"column":2},"end":{"line":21,"column":null}},"3":{"start":{"line":21,"column":4},"end":{"line":21,"column":null}},"4":{"start":{"line":24,"column":2},"end":{"line":214,"column":null}},"5":{"start":{"line":51,"column":30},"end":{"line":51,"column":null}},"6":{"start":{"line":52,"column":16},"end":{"line":67,"column":null}},"7":{"start":{"line":129,"column":38},"end":{"line":129,"column":null}},"8":{"start":{"line":130,"column":22},"end":{"line":133,"column":null}},"9":{"start":{"line":151,"column":33},"end":{"line":151,"column":null}},"10":{"start":{"line":152,"column":20},"end":{"line":158,"column":null}},"11":{"start":{"line":175,"column":18},"end":{"line":192,"column":null}}},"fnMap":{"0":{"name":"(anonymous_0)","decl":{"start":{"line":8,"column":6},"end":{"line":8,"column":29}},"loc":{"start":{"line":8,"column":29},"end":{"line":214,"column":null}},"line":8},"1":{"name":"(anonymous_1)","decl":{"start":{"line":50,"column":29},"end":{"line":50,"column":34}},"loc":{"start":{"line":50,"column":43},"end":{"line":69,"column":null}},"line":50},"2":{"name":"(anonymous_2)","decl":{"start":{"line":128,"column":39},"end":{"line":128,"column":44}},"loc":{"start":{"line":128,"column":57},"end":{"line":135,"column":null}},"line":128},"3":{"name":"(anonymous_3)","decl":{"start":{"line":150,"column":33},"end":{"line":150,"column":38}},"loc":{"start":{"line":150,"column":51},"end":{"line":158,"column":null}},"line":150},"4":{"name":"(anonymous_4)","decl":{"start":{"line":174,"column":32},"end":{"line":174,"column":37}},"loc":{"start":{"line":175,"column":18},"end":{"line":192,"column":null}},"line":175}},"branchMap":{"0":{"loc":{"start":{"line":20,"column":2},"end":{"line":21,"column":null}},"type":"if","locations":[{"start":{"line":20,"column":2},"end":{"line":21,"column":null}},{"start":{},"end":{}}],"line":20},"1":{"loc":{"start":{"line":20,"column":6},"end":{"line":20,"column":27}},"type":"binary-expr","locations":[{"start":{"line":20,"column":6},"end":{"line":20,"column":17}},{"start":{"line":20,"column":17},"end":{"line":20,"column":27}}],"line":20},"2":{"loc":{"start":{"line":73,"column":13},"end":{"line":76,"column":null}},"type":"binary-expr","locations":[{"start":{"line":73,"column":13},"end":{"line":73,"column":null}},{"start":{"line":74,"column":14},"end":{"line":76,"column":null}}],"line":73},"3":{"loc":{"start":{"line":81,"column":17},"end":{"line":90,"column":null}},"type":"binary-expr","locations":[{"start":{"line":81,"column":17},"end":{"line":81,"column":null}},{"start":{"line":82,"column":18},"end":{"line":90,"column":null}}],"line":81},"4":{"loc":{"start":{"line":92,"column":17},"end":{"line":101,"column":null}},"type":"binary-expr","locations":[{"start":{"line":92,"column":17},"end":{"line":92,"column":null}},{"start":{"line":93,"column":18},"end":{"line":101,"column":null}}],"line":92},"5":{"loc":{"start":{"line":103,"column":17},"end":{"line":108,"column":null}},"type":"binary-expr","locations":[{"start":{"line":103,"column":17},"end":{"line":103,"column":null}},{"start":{"line":104,"column":18},"end":{"line":108,"column":null}}],"line":103},"6":{"loc":{"start":{"line":113,"column":17},"end":{"line":119,"column":null}},"type":"binary-expr","locations":[{"start":{"line":113,"column":17},"end":{"line":113,"column":null}},{"start":{"line":114,"column":18},"end":{"line":119,"column":null}}],"line":113},"7":{"loc":{"start":{"line":121,"column":17},"end":{"line":136,"column":null}},"type":"binary-expr","locations":[{"start":{"line":121,"column":17},"end":{"line":121,"column":null}},{"start":{"line":122,"column":18},"end":{"line":136,"column":null}}],"line":121},"8":{"loc":{"start":{"line":124,"column":23},"end":{"line":126,"column":null}},"type":"cond-expr","locations":[{"start":{"line":125,"column":26},"end":{"line":125,"column":null}},{"start":{"line":126,"column":26},"end":{"line":126,"column":null}}],"line":124},"9":{"loc":{"start":{"line":140,"column":13},"end":{"line":161,"column":null}},"type":"binary-expr","locations":[{"start":{"line":140,"column":13},"end":{"line":140,"column":null}},{"start":{"line":141,"column":14},"end":{"line":161,"column":null}}],"line":140},"10":{"loc":{"start":{"line":144,"column":21},"end":{"line":146,"column":null}},"type":"cond-expr","locations":[{"start":{"line":145,"column":24},"end":{"line":145,"column":null}},{"start":{"line":146,"column":24},"end":{"line":146,"column":null}}],"line":144},"11":{"loc":{"start":{"line":172,"column":13},"end":{"line":197,"column":null}},"type":"cond-expr","locations":[{"start":{"line":173,"column":14},"end":{"line":194,"column":null}},{"start":{"line":196,"column":14},"end":{"line":197,"column":null}}],"line":172},"12":{"loc":{"start":{"line":172,"column":13},"end":{"line":172,"column":null}},"type":"binary-expr","locations":[{"start":{"line":172,"column":13},"end":{"line":172,"column":31}},{"start":{"line":172,"column":31},"end":{"line":172,"column":null}}],"line":172},"13":{"loc":{"start":{"line":178,"column":24},"end":{"line":180,"column":null}},"type":"cond-expr","locations":[{"start":{"line":179,"column":28},"end":{"line":179,"column":null}},{"start":{"line":180,"column":28},"end":{"line":180,"column":null}}],"line":178},"14":{"loc":{"start":{"line":189,"column":21},"end":{"line":190,"column":null}},"type":"binary-expr","locations":[{"start":{"line":189,"column":21},"end":{"line":189,"column":null}},{"start":{"line":190,"column":22},"end":{"line":190,"column":null}}],"line":189}},"s":{"0":1,"1":27,"2":27,"3":14,"4":13,"5":26,"6":26,"7":26,"8":26,"9":26,"10":26,"11":26},"f":{"0":27,"1":26,"2":26,"3":26,"4":26},"b":{"0":[14,13],"1":[27,13],"2":[13,13],"3":[27,13],"4":[27,13],"5":[27,13],"6":[27,13],"7":[27,13],"8":[0,13],"9":[27,13],"10":[0,13],"11":[13,0],"12":[27,13],"13":[13,13],"14":[26,13]},"meta":{"lastBranch":15,"lastFunction":5,"lastStatement":12,"seen":{"s:8:6:214:Infinity":0,"f:8:6:8:29":0,"s:17:4:18:55":1,"b:20:2:21:Infinity:undefined:undefined:undefined:undefined":0,"s:20:2:21:Infinity":2,"b:20:6:20:17:20:17:20:27":1,"s:21:4:21:Infinity":3,"s:24:2:214:Infinity":4,"f:50:29:50:34":1,"s:51:30:51:Infinity":5,"s:52:16:67:Infinity":6,"b:73:13:73:Infinity:74:14:76:Infinity":2,"b:81:17:81:Infinity:82:18:90:Infinity":3,"b:92:17:92:Infinity:93:18:101:Infinity":4,"b:103:17:103:Infinity:104:18:108:Infinity":5,"b:113:17:113:Infinity:114:18:119:Infinity":6,"b:121:17:121:Infinity:122:18:136:Infinity":7,"b:125:26:125:Infinity:126:26:126:Infinity":8,"f:128:39:128:44":2,"s:129:38:129:Infinity":7,"s:130:22:133:Infinity":8,"b:140:13:140:Infinity:141:14:161:Infinity":9,"b:145:24:145:Infinity:146:24:146:Infinity":10,"f:150:33:150:38":3,"s:151:33:151:Infinity":9,"s:152:20:158:Infinity":10,"b:173:14:194:Infinity:196:14:197:Infinity":11,"b:172:13:172:31:172:31:172:Infinity":12,"f:174:32:174:37":4,"s:175:18:192:Infinity":11,"b:179:28:179:Infinity:180:28:180:Infinity":13,"b:189:21:189:Infinity:190:22:190:Infinity":14}}}
,"C:\\Users\\ariel\\Documents\\GitHub\\Pokedex\\src\\pages\\PokemonDetails\\usePokemonDetails.tsx": {"path":"C:\\Users\\ariel\\Documents\\GitHub\\Pokedex\\src\\pages\\PokemonDetails\\usePokemonDetails.tsx","statementMap":{"0":{"start":{"line":47,"column":6},"end":{"line":140,"column":null}},"1":{"start":{"line":48,"column":10},"end":{"line":48,"column":44}},"2":{"start":{"line":49,"column":8},"end":{"line":49,"column":32}},"3":{"start":{"line":50,"column":18},"end":{"line":50,"column":62}},"4":{"start":{"line":51,"column":22},"end":{"line":51,"column":60}},"5":{"start":{"line":52,"column":18},"end":{"line":52,"column":52}},"6":{"start":{"line":53,"column":19},"end":{"line":53,"column":54}},"7":{"start":{"line":54,"column":25},"end":{"line":54,"column":69}},"8":{"start":{"line":55,"column":18},"end":{"line":55,"column":55}},"9":{"start":{"line":57,"column":2},"end":{"line":120,"column":null}},"10":{"start":{"line":58,"column":32},"end":{"line":116,"column":null}},"11":{"start":{"line":59,"column":6},"end":{"line":59,"column":null}},"12":{"start":{"line":60,"column":6},"end":{"line":116,"column":null}},"13":{"start":{"line":62,"column":20},"end":{"line":62,"column":74}},"14":{"start":{"line":63,"column":30},"end":{"line":63,"column":46}},"15":{"start":{"line":64,"column":8},"end":{"line":64,"column":null}},"16":{"start":{"line":67,"column":27},"end":{"line":68,"column":null}},"17":{"start":{"line":70,"column":41},"end":{"line":70,"column":64}},"18":{"start":{"line":73,"column":27},"end":{"line":74,"column":null}},"19":{"start":{"line":74,"column":21},"end":{"line":74,"column":null}},"20":{"start":{"line":76,"column":8},"end":{"line":79,"column":null}},"21":{"start":{"line":78,"column":28},"end":{"line":78,"column":73}},"22":{"start":{"line":79,"column":10},"end":{"line":79,"column":null}},"23":{"start":{"line":83,"column":22},"end":{"line":83,"column":78}},"24":{"start":{"line":83,"column":53},"end":{"line":83,"column":78}},"25":{"start":{"line":84,"column":8},"end":{"line":85,"column":null}},"26":{"start":{"line":85,"column":10},"end":{"line":85,"column":null}},"27":{"start":{"line":89,"column":28},"end":{"line":89,"column":null}},"28":{"start":{"line":90,"column":8},"end":{"line":90,"column":null}},"29":{"start":{"line":93,"column":29},"end":{"line":93,"column":73}},"30":{"start":{"line":94,"column":45},"end":{"line":94,"column":70}},"31":{"start":{"line":96,"column":38},"end":{"line":96,"column":40}},"32":{"start":{"line":97,"column":54},"end":{"line":97,"column":null}},"33":{"start":{"line":99,"column":8},"end":{"line":110,"column":null}},"34":{"start":{"line":100,"column":28},"end":{"line":103,"column":18}},"35":{"start":{"line":104,"column":29},"end":{"line":105,"column":null}},"36":{"start":{"line":107,"column":39},"end":{"line":107,"column":62}},"37":{"start":{"line":108,"column":10},"end":{"line":108,"column":null}},"38":{"start":{"line":110,"column":10},"end":{"line":110,"column":null}},"39":{"start":{"line":112,"column":8},"end":{"line":112,"column":null}},"40":{"start":{"line":114,"column":8},"end":{"line":114,"column":null}},"41":{"start":{"line":116,"column":8},"end":{"line":116,"column":null}},"42":{"start":{"line":119,"column":4},"end":{"line":119,"column":null}},"43":{"start":{"line":122,"column":8},"end":{"line":123,"column":null}},"44":{"start":{"line":123,"column":4},"end":{"line":123,"column":null}},"45":{"start":{"line":126,"column":8},"end":{"line":127,"column":null}},"46":{"start":{"line":127,"column":4},"end":{"line":127,"column":null}},"47":{"start":{"line":130,"column":2},"end":{"line":140,"column":null}}},"fnMap":{"0":{"name":"(anonymous_0)","decl":{"start":{"line":47,"column":6},"end":{"line":47,"column":27}},"loc":{"start":{"line":47,"column":66},"end":{"line":140,"column":null}},"line":47},"1":{"name":"(anonymous_1)","decl":{"start":{"line":57,"column":2},"end":{"line":57,"column":18}},"loc":{"start":{"line":57,"column":18},"end":{"line":120,"column":6}},"line":57},"2":{"name":"(anonymous_2)","decl":{"start":{"line":58,"column":32},"end":{"line":58,"column":44}},"loc":{"start":{"line":58,"column":44},"end":{"line":116,"column":null}},"line":58},"3":{"name":"(anonymous_3)","decl":{"start":{"line":73,"column":59},"end":{"line":73,"column":null}},"loc":{"start":{"line":74,"column":21},"end":{"line":74,"column":null}},"line":74},"4":{"name":"(anonymous_4)","decl":{"start":{"line":83,"column":41},"end":{"line":83,"column":47}},"loc":{"start":{"line":83,"column":53},"end":{"line":83,"column":78}},"line":83},"5":{"name":"(anonymous_5)","decl":{"start":{"line":122,"column":8},"end":{"line":122,"column":33}},"loc":{"start":{"line":122,"column":33},"end":{"line":123,"column":null}},"line":122},"6":{"name":"(anonymous_6)","decl":{"start":{"line":126,"column":8},"end":{"line":126,"column":32}},"loc":{"start":{"line":126,"column":62},"end":{"line":127,"column":null}},"line":126}},"branchMap":{"0":{"loc":{"start":{"line":76,"column":8},"end":{"line":79,"column":null}},"type":"if","locations":[{"start":{"line":76,"column":8},"end":{"line":79,"column":null}},{"start":{},"end":{}}],"line":76},"1":{"loc":{"start":{"line":84,"column":8},"end":{"line":85,"column":null}},"type":"if","locations":[{"start":{"line":84,"column":8},"end":{"line":85,"column":null}},{"start":{},"end":{}}],"line":84},"2":{"loc":{"start":{"line":89,"column":28},"end":{"line":89,"column":null}},"type":"binary-expr","locations":[{"start":{"line":89,"column":28},"end":{"line":89,"column":57}},{"start":{"line":89,"column":57},"end":{"line":89,"column":null}}],"line":89}},"s":{"0":1,"1":27,"2":27,"3":27,"4":27,"5":27,"6":27,"7":27,"8":27,"9":27,"10":14,"11":14,"12":14,"13":14,"14":14,"15":14,"16":14,"17":13,"18":13,"19":13,"20":13,"21":13,"22":13,"23":13,"24":13,"25":13,"26":13,"27":13,"28":14,"29":14,"30":13,"31":13,"32":13,"33":13,"34":26,"35":26,"36":26,"37":26,"38":26,"39":13,"40":1,"41":14,"42":14,"43":27,"44":1,"45":27,"46":1,"47":27},"f":{"0":27,"1":14,"2":14,"3":13,"4":13,"5":1,"6":1},"b":{"0":[13,0],"1":[13,0],"2":[13,0]},"meta":{"lastBranch":3,"lastFunction":7,"lastStatement":48,"seen":{"s:47:6:140:Infinity":0,"f:47:6:47:27":0,"s:48:10:48:44":1,"s:49:8:49:32":2,"s:50:18:50:62":3,"s:51:22:51:60":4,"s:52:18:52:52":5,"s:53:19:53:54":6,"s:54:25:54:69":7,"s:55:18:55:55":8,"s:57:2:120:Infinity":9,"f:57:2:57:18":1,"s:58:32:116:Infinity":10,"f:58:32:58:44":2,"s:59:6:59:Infinity":11,"s:60:6:116:Infinity":12,"s:62:20:62:74":13,"s:63:30:63:46":14,"s:64:8:64:Infinity":15,"s:67:27:68:Infinity":16,"s:70:41:70:64":17,"s:73:27:74:Infinity":18,"f:73:59:73:Infinity":3,"s:74:21:74:Infinity":19,"b:76:8:79:Infinity:undefined:undefined:undefined:undefined":0,"s:76:8:79:Infinity":20,"s:78:28:78:73":21,"s:79:10:79:Infinity":22,"s:83:22:83:78":23,"f:83:41:83:47":4,"s:83:53:83:78":24,"b:84:8:85:Infinity:undefined:undefined:undefined:undefined":1,"s:84:8:85:Infinity":25,"s:85:10:85:Infinity":26,"s:89:28:89:Infinity":27,"b:89:28:89:57:89:57:89:Infinity":2,"s:90:8:90:Infinity":28,"s:93:29:93:73":29,"s:94:45:94:70":30,"s:96:38:96:40":31,"s:97:54:97:Infinity":32,"s:99:8:110:Infinity":33,"s:100:28:103:18":34,"s:104:29:105:Infinity":35,"s:107:39:107:62":36,"s:108:10:108:Infinity":37,"s:110:10:110:Infinity":38,"s:112:8:112:Infinity":39,"s:114:8:114:Infinity":40,"s:116:8:116:Infinity":41,"s:119:4:119:Infinity":42,"s:122:8:123:Infinity":43,"f:122:8:122:33":5,"s:123:4:123:Infinity":44,"s:126:8:127:Infinity":45,"f:126:8:126:32":6,"s:127:4:127:Infinity":46,"s:130:2:140:Infinity":47}}}
,"C:\\Users\\ariel\\Documents\\GitHub\\Pokedex\\src\\pages\\PokemonList\\PokemonList.tsx": {"path":"C:\\Users\\ariel\\Documents\\GitHub\\Pokedex\\src\\pages\\PokemonList\\PokemonList.tsx","statementMap":{"0":{"start":{"line":10,"column":24},"end":{"line":11,"column":null}},"1":{"start":{"line":13,"column":6},"end":{"line":108,"column":null}},"2":{"start":{"line":26,"column":4},"end":{"line":29,"column":4}},"3":{"start":{"line":31,"column":2},"end":{"line":32,"column":null}},"4":{"start":{"line":32,"column":4},"end":{"line":32,"column":null}},"5":{"start":{"line":35,"column":2},"end":{"line":108,"column":null}},"6":{"start":{"line":63,"column":14},"end":{"line":68,"column":null}}},"fnMap":{"0":{"name":"(anonymous_0)","decl":{"start":{"line":13,"column":6},"end":{"line":13,"column":26}},"loc":{"start":{"line":13,"column":26},"end":{"line":108,"column":null}},"line":13},"1":{"name":"(anonymous_1)","decl":{"start":{"line":62,"column":28},"end":{"line":62,"column":33}},"loc":{"start":{"line":62,"column":45},"end":{"line":68,"column":null}},"line":62}},"branchMap":{"0":{"loc":{"start":{"line":10,"column":24},"end":{"line":11,"column":null}},"type":"binary-expr","locations":[{"start":{"line":10,"column":24},"end":{"line":10,"column":null}},{"start":{"line":11,"column":2},"end":{"line":11,"column":null}}],"line":10},"1":{"loc":{"start":{"line":31,"column":2},"end":{"line":32,"column":null}},"type":"if","locations":[{"start":{"line":31,"column":2},"end":{"line":32,"column":null}},{"start":{},"end":{}}],"line":31},"2":{"loc":{"start":{"line":50,"column":7},"end":{"line":103,"column":null}},"type":"cond-expr","locations":[{"start":{"line":52,"column":8},"end":{"line":57,"column":null}},{"start":{"line":59,"column":8},"end":{"line":103,"column":null}}],"line":50},"3":{"loc":{"start":{"line":77,"column":13},"end":{"line":80,"column":null}},"type":"binary-expr","locations":[{"start":{"line":77,"column":13},"end":{"line":77,"column":null}},{"start":{"line":78,"column":14},"end":{"line":80,"column":null}}],"line":77},"4":{"loc":{"start":{"line":85,"column":11},"end":{"line":103,"column":null}},"type":"binary-expr","locations":[{"start":{"line":85,"column":11},"end":{"line":85,"column":null}},{"start":{"line":86,"column":12},"end":{"line":103,"column":null}}],"line":85}},"s":{"0":1,"1":1,"2":31,"3":31,"4":9,"5":22,"6":109},"f":{"0":31,"1":109},"b":{"0":[1,1],"1":[9,22],"2":[10,12],"3":[12,2],"4":[12,10]},"meta":{"lastBranch":5,"lastFunction":2,"lastStatement":7,"seen":{"s:10:24:11:Infinity":0,"b:10:24:10:Infinity:11:2:11:Infinity":0,"s:13:6:108:Infinity":1,"f:13:6:13:26":0,"s:26:4:29:4":2,"b:31:2:32:Infinity:undefined:undefined:undefined:undefined":1,"s:31:2:32:Infinity":3,"s:32:4:32:Infinity":4,"s:35:2:108:Infinity":5,"b:52:8:57:Infinity:59:8:103:Infinity":2,"f:62:28:62:33":1,"s:63:14:68:Infinity":6,"b:77:13:77:Infinity:78:14:80:Infinity":3,"b:85:11:85:Infinity:86:12:103:Infinity":4}}}
,"C:\\Users\\ariel\\Documents\\GitHub\\Pokedex\\src\\pages\\PokemonList\\usePokemonList.tsx": {"path":"C:\\Users\\ariel\\Documents\\GitHub\\Pokedex\\src\\pages\\PokemonList\\usePokemonList.tsx","statementMap":{"0":{"start":{"line":15,"column":6},"end":{"line":92,"column":null}},"1":{"start":{"line":16,"column":18},"end":{"line":16,"column":55}},"2":{"start":{"line":17,"column":18},"end":{"line":17,"column":56}},"3":{"start":{"line":18,"column":22},"end":{"line":18,"column":59}},"4":{"start":{"line":19,"column":21},"end":{"line":19,"column":58}},"5":{"start":{"line":20,"column":8},"end":{"line":20,"column":32}},"6":{"start":{"line":22,"column":25},"end":{"line":22,"column":null}},"7":{"start":{"line":24,"column":2},"end":{"line":48,"column":null}},"8":{"start":{"line":25,"column":28},"end":{"line":44,"column":null}},"9":{"start":{"line":26,"column":6},"end":{"line":26,"column":null}},"10":{"start":{"line":27,"column":6},"end":{"line":44,"column":null}},"11":{"start":{"line":29,"column":20},"end":{"line":30,"column":null}},"12":{"start":{"line":32,"column":62},"end":{"line":32,"column":78}},"13":{"start":{"line":35,"column":28},"end":{"line":38,"column":null}},"14":{"start":{"line":37,"column":12},"end":{"line":37,"column":46}},"15":{"start":{"line":37,"column":37},"end":{"line":37,"column":45}},"16":{"start":{"line":40,"column":8},"end":{"line":40,"column":null}},"17":{"start":{"line":42,"column":8},"end":{"line":42,"column":null}},"18":{"start":{"line":44,"column":8},"end":{"line":44,"column":null}},"19":{"start":{"line":47,"column":4},"end":{"line":47,"column":null}},"20":{"start":{"line":51,"column":8},"end":{"line":52,"column":null}},"21":{"start":{"line":52,"column":4},"end":{"line":52,"column":null}},"22":{"start":{"line":56,"column":26},"end":{"line":57,"column":null}},"23":{"start":{"line":57,"column":4},"end":{"line":57,"column":65}},"24":{"start":{"line":61,"column":17},"end":{"line":61,"column":null}},"25":{"start":{"line":62,"column":25},"end":{"line":62,"column":79}},"26":{"start":{"line":63,"column":20},"end":{"line":63,"column":70}},"27":{"start":{"line":66,"column":8},"end":{"line":68,"column":null}},"28":{"start":{"line":67,"column":4},"end":{"line":67,"column":null}},"29":{"start":{"line":68,"column":4},"end":{"line":68,"column":null}},"30":{"start":{"line":72,"column":8},"end":{"line":75,"column":null}},"31":{"start":{"line":73,"column":4},"end":{"line":73,"column":null}},"32":{"start":{"line":75,"column":4},"end":{"line":75,"column":null}},"33":{"start":{"line":78,"column":2},"end":{"line":92,"column":null}}},"fnMap":{"0":{"name":"(anonymous_0)","decl":{"start":{"line":15,"column":6},"end":{"line":15,"column":24}},"loc":{"start":{"line":15,"column":62},"end":{"line":92,"column":null}},"line":15},"1":{"name":"(anonymous_1)","decl":{"start":{"line":24,"column":2},"end":{"line":24,"column":18}},"loc":{"start":{"line":24,"column":18},"end":{"line":48,"column":7}},"line":24},"2":{"name":"(anonymous_2)","decl":{"start":{"line":25,"column":28},"end":{"line":25,"column":40}},"loc":{"start":{"line":25,"column":40},"end":{"line":44,"column":null}},"line":25},"3":{"name":"(anonymous_3)","decl":{"start":{"line":36,"column":18},"end":{"line":36,"column":23}},"loc":{"start":{"line":37,"column":12},"end":{"line":37,"column":46}},"line":37},"4":{"name":"(anonymous_4)","decl":{"start":{"line":37,"column":25},"end":{"line":37,"column":31}},"loc":{"start":{"line":37,"column":37},"end":{"line":37,"column":45}},"line":37},"5":{"name":"(anonymous_5)","decl":{"start":{"line":51,"column":8},"end":{"line":51,"column":30}},"loc":{"start":{"line":51,"column":45},"end":{"line":52,"column":null}},"line":51},"6":{"name":"(anonymous_6)","decl":{"start":{"line":56,"column":34},"end":{"line":56,"column":42}},"loc":{"start":{"line":57,"column":4},"end":{"line":57,"column":65}},"line":57},"7":{"name":"(anonymous_7)","decl":{"start":{"line":66,"column":8},"end":{"line":66,"column":27}},"loc":{"start":{"line":66,"column":65},"end":{"line":68,"column":null}},"line":66},"8":{"name":"(anonymous_8)","decl":{"start":{"line":72,"column":8},"end":{"line":72,"column":30}},"loc":{"start":{"line":72,"column":79},"end":{"line":75,"column":null}},"line":72}},"branchMap":{},"s":{"0":1,"1":31,"2":31,"3":31,"4":31,"5":31,"6":31,"7":31,"8":9,"9":9,"10":9,"11":9,"12":9,"13":9,"14":135,"15":135,"16":9,"17":0,"18":9,"19":9,"20":31,"21":1,"22":31,"23":195,"24":31,"25":31,"26":31,"27":31,"28":1,"29":1,"30":31,"31":3,"32":3,"33":31},"f":{"0":31,"1":9,"2":9,"3":135,"4":135,"5":1,"6":195,"7":1,"8":3},"b":{},"meta":{"lastBranch":0,"lastFunction":9,"lastStatement":34,"seen":{"s:15:6:92:Infinity":0,"f:15:6:15:24":0,"s:16:18:16:55":1,"s:17:18:17:56":2,"s:18:22:18:59":3,"s:19:21:19:58":4,"s:20:8:20:32":5,"s:22:25:22:Infinity":6,"s:24:2:48:Infinity":7,"f:24:2:24:18":1,"s:25:28:44:Infinity":8,"f:25:28:25:40":2,"s:26:6:26:Infinity":9,"s:27:6:44:Infinity":10,"s:29:20:30:Infinity":11,"s:32:62:32:78":12,"s:35:28:38:Infinity":13,"f:36:18:36:23":3,"s:37:12:37:46":14,"f:37:25:37:31":4,"s:37:37:37:45":15,"s:40:8:40:Infinity":16,"s:42:8:42:Infinity":17,"s:44:8:44:Infinity":18,"s:47:4:47:Infinity":19,"s:51:8:52:Infinity":20,"f:51:8:51:30":5,"s:52:4:52:Infinity":21,"s:56:26:57:Infinity":22,"f:56:34:56:42":6,"s:57:4:57:65":23,"s:61:17:61:Infinity":24,"s:62:25:62:79":25,"s:63:20:63:70":26,"s:66:8:68:Infinity":27,"f:66:8:66:27":7,"s:67:4:67:Infinity":28,"s:68:4:68:Infinity":29,"s:72:8:75:Infinity":30,"f:72:8:72:30":8,"s:73:4:73:Infinity":31,"s:75:4:75:Infinity":32,"s:78:2:92:Infinity":33}}}
,"C:\\Users\\ariel\\Documents\\GitHub\\Pokedex\\src\\styles\\pokemonList.css": {"path":"C:\\Users\\ariel\\Documents\\GitHub\\Pokedex\\src\\styles\\pokemonList.css","statementMap":{},"fnMap":{},"branchMap":{},"s":{},"f":{},"b":{},"meta":{"lastBranch":0,"lastFunction":0,"lastStatement":0,"seen":{}}}
}
